<?xml version="1.0" encoding="UTF-8"?>
<testng-results ignored="0" total="1" passed="1" failed="0" skipped="0">
  <reporter-output>
  </reporter-output>
  <suite started-at="2022-01-07T21:33:43 CET" name="Default suite" finished-at="2022-01-07T21:34:05 CET" duration-ms="22146">
    <groups>
    </groups>
    <test started-at="2022-01-07T21:33:43 CET" name="Default test" finished-at="2022-01-07T21:34:05 CET" duration-ms="22146">
      <class name="tests.AddToCartTest">
        <test-method is-config="true" signature="beforeClass()[pri:0, instance:tests.AddToCartTest@212b5695]" started-at="2022-01-07T21:33:43 CET" name="beforeClass" finished-at="2022-01-07T21:33:51 CET" duration-ms="8427" status="PASS">
          <reporter-output>
          </reporter-output>
        </test-method> <!-- beforeClass -->
        <test-method is-config="true" signature="name()[pri:0, instance:tests.AddToCartTest@212b5695]" started-at="2022-01-07T21:33:51 CET" name="name" finished-at="2022-01-07T21:33:58 CET" duration-ms="6264" status="PASS">
          <reporter-output>
          </reporter-output>
        </test-method> <!-- name -->
        <test-method signature="addOneProductToCart()[pri:0, instance:tests.AddToCartTest@212b5695]" started-at="2022-01-07T21:33:58 CET" name="addOneProductToCart" finished-at="2022-01-07T21:34:05 CET" duration-ms="7157" status="PASS">
          <reporter-output>
          </reporter-output>
        </test-method> <!-- addOneProductToCart -->
        <test-method is-config="true" signature="afterClass()[pri:0, instance:tests.AddToCartTest@212b5695]" started-at="2022-01-07T21:34:05 CET" name="afterClass" finished-at="2022-01-07T21:34:05 CET" duration-ms="222" status="PASS">
          <reporter-output>
          </reporter-output>
        </test-method> <!-- afterClass -->
      </class> <!-- tests.AddToCartTest -->
    </test> <!-- Default test -->
  </suite> <!-- Default suite -->
</testng-results>
